<?xml version="1.0" encoding="UTF-8"?>
<!-- Generated by org.testng.reporters.JUnitReportReporter -->
<testsuite hostname="EPUAKHAW0725" name="tests.TestsForGMail" tests="4" failures="0" timestamp="23 Jun 2015 08:13:53 GMT" time="310.131" errors="0">
  <testcase name="checkThatTheLetterAddingToStarredFolderAfterMovingIt" time="71.262" classname="tests.TestsForGMail"/>
  <testcase name="checkThatTheLetterCanBeSendWithFile" time="81.735" classname="tests.TestsForGMail"/>
  <testcase name="checkThatTheLetterSentToTheSpamFolder" time="103.944" classname="tests.TestsForGMail"/>
  <testcase name="checkThatTheThemeSettingUp" time="53.190" classname="tests.TestsForGMail"/>
</testsuite> <!-- tests.TestsForGMail -->
