<?xml version="1.0" encoding="UTF-8"?>
<!-- Generated by org.testng.reporters.JUnitReportReporter -->
<testsuite hostname="Larana" name="tests.FilterTest" tests="3" failures="0" timestamp="14 Jun 2015 13:31:55 GMT" time="261.276" errors="0">
  <testcase name="checkSortByBrand" time="21.907" classname="tests.FilterTest"/>
  <testcase name="checkSortByWeightAdjustment" time="38.150" classname="tests.FilterTest"/>
  <testcase name="checkSortByPrice" time="201.219" classname="tests.FilterTest"/>
</testsuite> <!-- tests.FilterTest -->
