<?xml version="1.0" encoding="UTF-8"?>
<!-- Generated by org.testng.reporters.JUnitReportReporter -->
<testsuite hostname="Larana" name="tests.ConcurrenceTest" tests="1" failures="0" timestamp="14 Jun 2015 13:31:55 GMT" time="12.225" errors="0">
  <testcase name="checkSortByPrice" time="12.225" classname="tests.ConcurrenceTest"/>
</testsuite> <!-- tests.ConcurrenceTest -->
