<?xml version="1.0" encoding="UTF-8"?>
<!-- Generated by org.testng.reporters.JUnitReportReporter -->
<testsuite hostname="Larana" name="tests.SortTest" tests="2" failures="0" timestamp="14 Jun 2015 13:31:55 GMT" time="22.158" errors="0">
  <testcase name="checkSortByGoodsName" time="8.141" classname="tests.SortTest"/>
  <testcase name="checkSortByPrice" time="14.017" classname="tests.SortTest"/>
</testsuite> <!-- tests.SortTest -->
