<?xml version="1.0" encoding="UTF-8"?>
<!-- Generated by org.testng.reporters.JUnitReportReporter -->
<testsuite hostname="Larana" name="tests.ComparativeTest" tests="1" failures="0" timestamp="14 Jun 2015 13:31:55 GMT" time="36.427" errors="0">
  <testcase name="checkSortByPrice" time="36.427" classname="tests.ComparativeTest"/>
</testsuite> <!-- tests.ComparativeTest -->
